<?xml version="1.0" encoding="UTF-8"?>
<testsuite xmlns:xsi="http://www.w3.org/2001/XMLSchema-instance" xsi:noNamespaceSchemaLocation="https://maven.apache.org/surefire/maven-surefire-plugin/xsd/surefire-test-report-3.0.xsd" version="3.0" name="org.course.challenge05.GenericsExerciseTest" time="0.202" tests="0" errors="0" skipped="0" failures="0">
  <properties>
[...]
</properties>
  <testcase name="" classname="org.course.challenge05.GenericsExerciseTest" time="0.005">
    <error type="java.lang.IllegalArgumentException"><![CDATA[java.lang.IllegalArgumentException: No animal is no animal!!!
Caused by: java.lang.IllegalArgumentException: No animal is no animal!!!
]]></error>
  </testcase>
  <testcase name="" classname="org.course.challenge05.GenericsExerciseTest" time="0.186">
    <error type="kotlin.NotImplementedError"><![CDATA[kotlin.NotImplementedError: An operation is not implemented: uncomment next lines 
Caused by: kotlin.NotImplementedError: An operation is not implemented: uncomment next lines 
]]></error>
  </testcase>
</testsuite>